Change component parameters: Designator = "VD1" ("VD1"); Footprint = "LED: 0402B"; UniqueID = "\KONPLTSC" ("\KONPLTSC")
Change component parameters (AddParameter): Name = "Color"; Value = "CHRG"; VariantName = "[No Variations]"
Change component parameters (AddParameter): Name = "ColorParameter"; Value = "Green"; VariantName = "[No Variations]"
Change component parameters (AddParameter): Name = "Current"; Value = ""; VariantName = "[No Variations]"
Change component parameters (AddParameter): Name = "HelpURL"; Value = ""; VariantName = "[No Variations]"
Change component parameters (AddParameter): Name = "Manufacturer"; Value = ""; VariantName = "[No Variations]"
Change component parameters (AddParameter): Name = "Package"; Value = ""; VariantName = "[No Variations]"
Change component parameters (AddParameter): Name = "PartNumber"; Value = ""; VariantName = "[No Variations]"
Change component parameters (AddParameter): Name = "Temperature"; Value = "-55...+150°C"; VariantName = "[No Variations]"
Change component parameters (AddParameter): Name = "TypeDiode"; Value = "LED"; VariantName = "[No Variations]"
Change component parameters (AddParameter): Name = "ValueManufacturerPartNumber"; Value = "LED, Green, *, *, *, -55...+150°C"; VariantName = "[No Variations]"
Change component parameters (AddParameter): Name = "VoltageDrop"; Value = ""; VariantName = "[No Variations]"
Added Component: Designator=X6(CON: PLS-2)
Add component (AddParameter): Name = "CommentText"; Value = ""Ðàçúåì""; VariantName = "[No Variations]"
Add component (AddParameter): Name = "CurrentMax"; Value = "3A"; VariantName = "[No Variations]"
Add component (AddParameter): Name = "HelpURL"; Value = "https://www.chipdip.ru/product/pls-2"; VariantName = "[No Variations]"
Add component (AddParameter): Name = "Manufacturer"; Value = "Connfly"; VariantName = "[No Variations]"
Add component (AddParameter): Name = "Multichannel"; Value = "2pin"; VariantName = "[No Variations]"
Add component (AddParameter): Name = "PartNumber"; Value = "PLS-2"; VariantName = "[No Variations]"
Add component (AddParameter): Name = "Pitch"; Value = "2.54mm"; VariantName = "[No Variations]"
Add component (AddParameter): Name = "TypeConnector"; Value = "Connector"; VariantName = "[No Variations]"
Add component (AddParameter): Name = "ValueManufacturerPartNumber"; Value = "Connector, 2pin, 2.54mm, 500VAC, 3A"; VariantName = "[No Variations]"
Add component (AddParameter): Name = "VoltageMax"; Value = "500VAC"; VariantName = "[No Variations]"
Added Pin To Net: NetName=+5V_USB Pin=X6-1
Added Pin To Net: NetName=NetR6_1 Pin=X6-2
Added Member To Class: ClassName=Hygrometer Member=Component X6 Connector, 2pin, 2.54mm, 500VAC, 3A
