Added Component: Designator=B?(CON: HOLDER 18650 x1)
Add component (AddParameter): Name = "HelpURL"; Value = "https://ru.aliexpress.com/item/32814062027.html?spm=2114.13010708.0.0.498333edwmS6ak"; VariantName = "[No Variations]"
Add component (AddParameter): Name = "Manufacturer"; Value = "ALLOYSEED"; VariantName = "[No Variations]"
Add component (AddParameter): Name = "PartNumber"; Value = "Holder 18650"; VariantName = "[No Variations]"
Add component (AddParameter): Name = "TypeConnector"; Value = "Single holder 18650"; VariantName = "[No Variations]"
Add component (AddParameter): Name = "ValueManufacturerPartNumber"; Value = "Single holder 18650, 4.2V"; VariantName = "[No Variations]"
Add component (AddParameter): Name = "VoltageMax"; Value = "4.2V"; VariantName = "[No Variations]"
Add Net: Net with name "NetC?_1" already exists
Added Member To Class: ClassName=Hygrometer Member=Component B? Single holder 18650, 4.2V
Added Member To Class: ClassName=Hygrometer Member=Component C? Ceramic capacitor, 100pF, X7R, ±10%, 16V, 0201, -55...+125°C
Added Member To Class: ClassName=Hygrometer Member=Component C? Ceramic capacitor, 100pF, X7R, ±10%, 16V, 0201, -55...+125°C
Added Member To Class: ClassName=Hygrometer Member=Component C? Ceramic capacitor, 1nF, X7R, ±10%, 16V, 0201, -55...+125°C
Added Member To Class: ClassName=Hygrometer Member=Component C? Ceramic capacitor, 100nF, X7R, ±10%, 16V, 0201, -55...+125°C
Added Member To Class: ClassName=Hygrometer Member=Component D? LMV321ILT
Added Member To Class: ClassName=Hygrometer Member=Component R? Resistor film, 1k, ±5%, 0201, 0.05W, -55...+125°C
Added Member To Class: ClassName=Hygrometer Member=Component R? Resistor film, 1k, ±5%, 0201, 0.05W, -55...+125°C
Added Member To Class: ClassName=Hygrometer Member=Component R? Resistor film, 10k, ±5%, 0201, 0.05W, -55...+125°C
Added Member To Class: ClassName=Hygrometer Member=Component R? Resistor film, 1M, ±5%, 0201, 0.05W, -55...+125°C
Added Member To Class: ClassName=Hygrometer Member=Component R? Resistor film, 10k, ±5%, 0201, 0.05W, -55...+125°C
Added Member To Class: ClassName=Hygrometer Member=Component R? Resistor film, 1.6k, ±5%, 0201, 0.05W, -55...+125°C
Added Member To Class: ClassName=Hygrometer Member=Component R? Resistor film, 3k, ±5%, 0201, 0.05W, -55...+125°C
Added Member To Class: ClassName=Hygrometer Member=Component R? Resistor film, 10k, ±5%, 0201, 0.05W, -55...+125°C
Added Member To Class: ClassName=Hygrometer Member=Component R? Resistor film, 10k, ±5%, 0201, 0.05W, -55...+125°C
Added Member To Class: ClassName=Hygrometer Member=Component SB? Tactile button, 6x6mm
