Added Component: Designator=B1(CON: HOLDER 18650 x1)
Add component (AddParameter): Name = "HelpURL"; Value = "https://ru.aliexpress.com/item/32814062027.html?spm=2114.13010708.0.0.498333edwmS6ak"; VariantName = "[No Variations]"
Add component (AddParameter): Name = "Manufacturer"; Value = "ALLOYSEED"; VariantName = "[No Variations]"
Add component (AddParameter): Name = "PartNumber"; Value = "Holder 18650"; VariantName = "[No Variations]"
Add component (AddParameter): Name = "TypeConnector"; Value = "Single holder 18650"; VariantName = "[No Variations]"
Add component (AddParameter): Name = "ValueManufacturerPartNumber"; Value = "Single holder 18650, 4.2V"; VariantName = "[No Variations]"
Add component (AddParameter): Name = "VoltageMax"; Value = "4.2V"; VariantName = "[No Variations]"
Added Component: Designator=C1(CAP: 0402)
Add component (AddParameter): Name = "HelpURL"; Value = "https://www.digikey.com/product-detail/en/yageo/CC0201KRX7R7BB103/311-1404-1-ND/2833710"; VariantName = "[No Variations]"
Add component (AddParameter): Name = "Manufacturer"; Value = "Yageo"; VariantName = "[No Variations]"
Add component (AddParameter): Name = "Package"; Value = "0201"; VariantName = "[No Variations]"
Add component (AddParameter): Name = "PartNumber"; Value = "CC0201KRX7R7BB103"; VariantName = "[No Variations]"
Add component (AddParameter): Name = "Temperature"; Value = "-55...+125°C"; VariantName = "[No Variations]"
Add component (AddParameter): Name = "Tolerance"; Value = "±10%"; VariantName = "[No Variations]"
Add component (AddParameter): Name = "TypeCapacitor"; Value = "Ceramic capacitor"; VariantName = "[No Variations]"
Add component (AddParameter): Name = "TypeDielectric"; Value = "X7R"; VariantName = "[No Variations]"
Add component (AddParameter): Name = "Value"; Value = "100pF"; VariantName = "[No Variations]"
Add component (AddParameter): Name = "ValueManufacturerPartNumber"; Value = "Ceramic capacitor, 100pF, X7R, ±10%, 16V, 0201, -55...+125°C"; VariantName = "[No Variations]"
Add component (AddParameter): Name = "Voltage"; Value = "16V"; VariantName = "[No Variations]"
Added Component: Designator=C2(CAP: 0402)
Add component (AddParameter): Name = "HelpURL"; Value = "https://www.digikey.com/product-detail/en/yageo/CC0201KRX7R7BB103/311-1404-1-ND/2833710"; VariantName = "[No Variations]"
Add component (AddParameter): Name = "Manufacturer"; Value = "Yageo"; VariantName = "[No Variations]"
Add component (AddParameter): Name = "Package"; Value = "0201"; VariantName = "[No Variations]"
Add component (AddParameter): Name = "PartNumber"; Value = "CC0201KRX7R7BB103"; VariantName = "[No Variations]"
Add component (AddParameter): Name = "Temperature"; Value = "-55...+125°C"; VariantName = "[No Variations]"
Add component (AddParameter): Name = "Tolerance"; Value = "±10%"; VariantName = "[No Variations]"
Add component (AddParameter): Name = "TypeCapacitor"; Value = "Ceramic capacitor"; VariantName = "[No Variations]"
Add component (AddParameter): Name = "TypeDielectric"; Value = "X7R"; VariantName = "[No Variations]"
Add component (AddParameter): Name = "Value"; Value = "100nF"; VariantName = "[No Variations]"
Add component (AddParameter): Name = "ValueManufacturerPartNumber"; Value = "Ceramic capacitor, 100nF, X7R, ±10%, 16V, 0201, -55...+125°C"; VariantName = "[No Variations]"
Add component (AddParameter): Name = "Voltage"; Value = "16V"; VariantName = "[No Variations]"
Added Component: Designator=C3(CAP: 0402)
Add component (AddParameter): Name = "HelpURL"; Value = "https://www.digikey.com/product-detail/en/yageo/CC0201KRX7R7BB103/311-1404-1-ND/2833710"; VariantName = "[No Variations]"
Add component (AddParameter): Name = "Manufacturer"; Value = "Yageo"; VariantName = "[No Variations]"
Add component (AddParameter): Name = "Package"; Value = "0201"; VariantName = "[No Variations]"
Add component (AddParameter): Name = "PartNumber"; Value = "CC0201KRX7R7BB103"; VariantName = "[No Variations]"
Add component (AddParameter): Name = "Temperature"; Value = "-55...+125°C"; VariantName = "[No Variations]"
Add component (AddParameter): Name = "Tolerance"; Value = "±10%"; VariantName = "[No Variations]"
Add component (AddParameter): Name = "TypeCapacitor"; Value = "Ceramic capacitor"; VariantName = "[No Variations]"
Add component (AddParameter): Name = "TypeDielectric"; Value = "X7R"; VariantName = "[No Variations]"
Add component (AddParameter): Name = "Value"; Value = "100nF"; VariantName = "[No Variations]"
Add component (AddParameter): Name = "ValueManufacturerPartNumber"; Value = "Ceramic capacitor, 100nF, X7R, ±10%, 16V, 0201, -55...+125°C"; VariantName = "[No Variations]"
Add component (AddParameter): Name = "Voltage"; Value = "16V"; VariantName = "[No Variations]"
Added Component: Designator=C4(CAP: 0402)
Add component (AddParameter): Name = "HelpURL"; Value = "https://www.digikey.com/product-detail/en/yageo/CC0201KRX7R7BB103/311-1404-1-ND/2833710"; VariantName = "[No Variations]"
Add component (AddParameter): Name = "Manufacturer"; Value = "Yageo"; VariantName = "[No Variations]"
Add component (AddParameter): Name = "Package"; Value = "0201"; VariantName = "[No Variations]"
Add component (AddParameter): Name = "PartNumber"; Value = "CC0201KRX7R7BB103"; VariantName = "[No Variations]"
Add component (AddParameter): Name = "Temperature"; Value = "-55...+125°C"; VariantName = "[No Variations]"
Add component (AddParameter): Name = "Tolerance"; Value = "±10%"; VariantName = "[No Variations]"
Add component (AddParameter): Name = "TypeCapacitor"; Value = "Ceramic capacitor"; VariantName = "[No Variations]"
Add component (AddParameter): Name = "TypeDielectric"; Value = "X7R"; VariantName = "[No Variations]"
Add component (AddParameter): Name = "Value"; Value = "10uF"; VariantName = "[No Variations]"
Add component (AddParameter): Name = "ValueManufacturerPartNumber"; Value = "Ceramic capacitor, 10uF, X7R, ±10%, 16V, 0201, -55...+125°C"; VariantName = "[No Variations]"
Add component (AddParameter): Name = "Voltage"; Value = "16V"; VariantName = "[No Variations]"
Added Component: Designator=C5(CAP: 0402)
Add component (AddParameter): Name = "HelpURL"; Value = "https://www.digikey.com/product-detail/en/yageo/CC0201KRX7R7BB103/311-1404-1-ND/2833710"; VariantName = "[No Variations]"
Add component (AddParameter): Name = "Manufacturer"; Value = "Yageo"; VariantName = "[No Variations]"
Add component (AddParameter): Name = "Package"; Value = "0201"; VariantName = "[No Variations]"
Add component (AddParameter): Name = "PartNumber"; Value = "CC0201KRX7R7BB103"; VariantName = "[No Variations]"
Add component (AddParameter): Name = "Temperature"; Value = "-55...+125°C"; VariantName = "[No Variations]"
Add component (AddParameter): Name = "Tolerance"; Value = "±10%"; VariantName = "[No Variations]"
Add component (AddParameter): Name = "TypeCapacitor"; Value = "Ceramic capacitor"; VariantName = "[No Variations]"
Add component (AddParameter): Name = "TypeDielectric"; Value = "X7R"; VariantName = "[No Variations]"
Add component (AddParameter): Name = "Value"; Value = "100pF"; VariantName = "[No Variations]"
Add component (AddParameter): Name = "ValueManufacturerPartNumber"; Value = "Ceramic capacitor, 100pF, X7R, ±10%, 16V, 0201, -55...+125°C"; VariantName = "[No Variations]"
Add component (AddParameter): Name = "Voltage"; Value = "16V"; VariantName = "[No Variations]"
Added Component: Designator=C6(CAP: 0402)
Add component (AddParameter): Name = "HelpURL"; Value = "https://www.digikey.com/product-detail/en/yageo/CC0201KRX7R7BB103/311-1404-1-ND/2833710"; VariantName = "[No Variations]"
Add component (AddParameter): Name = "Manufacturer"; Value = "Yageo"; VariantName = "[No Variations]"
Add component (AddParameter): Name = "Package"; Value = "0201"; VariantName = "[No Variations]"
Add component (AddParameter): Name = "PartNumber"; Value = "CC0201KRX7R7BB103"; VariantName = "[No Variations]"
Add component (AddParameter): Name = "Temperature"; Value = "-55...+125°C"; VariantName = "[No Variations]"
Add component (AddParameter): Name = "Tolerance"; Value = "±10%"; VariantName = "[No Variations]"
Add component (AddParameter): Name = "TypeCapacitor"; Value = "Ceramic capacitor"; VariantName = "[No Variations]"
Add component (AddParameter): Name = "TypeDielectric"; Value = "X7R"; VariantName = "[No Variations]"
Add component (AddParameter): Name = "Value"; Value = "1nF"; VariantName = "[No Variations]"
Add component (AddParameter): Name = "ValueManufacturerPartNumber"; Value = "Ceramic capacitor, 1nF, X7R, ±10%, 16V, 0201, -55...+125°C"; VariantName = "[No Variations]"
Add component (AddParameter): Name = "Voltage"; Value = "16V"; VariantName = "[No Variations]"
Added Component: Designator=C7(CAP: 0402)
Add component (AddParameter): Name = "HelpURL"; Value = "https://www.digikey.com/product-detail/en/yageo/CC0201KRX7R7BB103/311-1404-1-ND/2833710"; VariantName = "[No Variations]"
Add component (AddParameter): Name = "Manufacturer"; Value = "Yageo"; VariantName = "[No Variations]"
Add component (AddParameter): Name = "Package"; Value = "0201"; VariantName = "[No Variations]"
Add component (AddParameter): Name = "PartNumber"; Value = "CC0201KRX7R7BB103"; VariantName = "[No Variations]"
Add component (AddParameter): Name = "Temperature"; Value = "-55...+125°C"; VariantName = "[No Variations]"
Add component (AddParameter): Name = "Tolerance"; Value = "±10%"; VariantName = "[No Variations]"
Add component (AddParameter): Name = "TypeCapacitor"; Value = "Ceramic capacitor"; VariantName = "[No Variations]"
Add component (AddParameter): Name = "TypeDielectric"; Value = "X7R"; VariantName = "[No Variations]"
Add component (AddParameter): Name = "Value"; Value = "100nF"; VariantName = "[No Variations]"
Add component (AddParameter): Name = "ValueManufacturerPartNumber"; Value = "Ceramic capacitor, 100nF, X7R, ±10%, 16V, 0201, -55...+125°C"; VariantName = "[No Variations]"
Add component (AddParameter): Name = "Voltage"; Value = "16V"; VariantName = "[No Variations]"
Added Component: Designator=C8(CAP: TANTAL-C)
Add component (AddParameter): Name = "HelpURL"; Value = "https://www.digikey.com/product-detail/en/avx-corporation/F930J107KAAAJ6/478-12404-1-ND/9645231"; VariantName = "[No Variations]"
Add component (AddParameter): Name = "Impedance"; Value = "2Ohm"; VariantName = "[No Variations]"
Add component (AddParameter): Name = "Manufacturer"; Value = "AVX"; VariantName = "[No Variations]"
Add component (AddParameter): Name = "Package"; Value = "case A (3216)"; VariantName = "[No Variations]"
Add component (AddParameter): Name = "PartNumber"; Value = "F930J107KAAAJ6"; VariantName = "[No Variations]"
Add component (AddParameter): Name = "Temperature"; Value = "-55...+125°C"; VariantName = "[No Variations]"
Add component (AddParameter): Name = "Tolerance"; Value = "±10%"; VariantName = "[No Variations]"
Add component (AddParameter): Name = "TypeCapacitor"; Value = "Tantalum capacitor"; VariantName = "[No Variations]"
Add component (AddParameter): Name = "TypeDielectric"; Value = "X7R"; VariantName = "[No Variations]"
Add component (AddParameter): Name = "Value"; Value = "100?F"; VariantName = "[No Variations]"
Add component (AddParameter): Name = "ValueManufacturerPartNumber"; Value = "Tantalum capacitor, 100?F, 6.3V, ±10%, 2Ohm, case A (3216), -55...+125°C"; VariantName = "[No Variations]"
Add component (AddParameter): Name = "Voltage"; Value = "6.3V"; VariantName = "[No Variations]"
Added Component: Designator=D1(SOT23-6)
Add component (AddParameter): Name = "Battery Chemistry"; Value = "Li-Ion, Li-Polymer"; VariantName = "[No Variations]"
Add component (AddParameter): Name = "Charge Termination"; Value = "On-board timer"; VariantName = "[No Variations]"
Add component (AddParameter): Name = "Code_JEDEC"; Value = "MO-193"; VariantName = "[No Variations]"
Add component (AddParameter): Name = "ComponentLink1Description"; Value = "Manufacturer URL"; VariantName = "[No Variations]"
Add component (AddParameter): Name = "ComponentLink1URL"; Value = "http://www.linear.com/"; VariantName = "[No Variations]"
Add component (AddParameter): Name = "ComponentLink2Description"; Value = "Datasheet"; VariantName = "[No Variations]"
Add component (AddParameter): Name = "ComponentLink2URL"; Value = "http://cds.linear.com/docs/en/datasheet/405642f.pdf"; VariantName = "[No Variations]"
Add component (AddParameter): Name = "ComponentLink3Description"; Value = "Package Specification"; VariantName = "[No Variations]"
Add component (AddParameter): Name = "ComponentLink3URL"; Value = "http://cds.linear.com/docs/en/packaging/SOT_8_05-08-1637.pdf"; VariantName = "[No Variations]"
Add component (AddParameter): Name = "Float Voltage"; Value = "4.2 V"; VariantName = "[No Variations]"
Add component (AddParameter): Name = "Manufacturer"; Value = "Linear Technology"; VariantName = "[No Variations]"
Add component (AddParameter): Name = "Max Charge Current(A)"; Value = "0.7"; VariantName = "[No Variations]"
Add component (AddParameter): Name = "Mounting Technology"; Value = "Surface Mount"; VariantName = "[No Variations]"
Add component (AddParameter): Name = "Number of Cells"; Value = "1"; VariantName = "[No Variations]"
Add component (AddParameter): Name = "PackageDescription"; Value = "8-Pin Plastic TSOT-23, Body 2.9 x 1.63 mm, Pitch 0.65 mm"; VariantName = "[No Variations]"
Add component (AddParameter): Name = "PackageReference"; Value = "TS8-8"; VariantName = "[No Variations]"
Add component (AddParameter): Name = "PackageVersion"; Value = "Rev. A, 08/2010"; VariantName = "[No Variations]"
Add component (AddParameter): Name = "Packing"; Value = "Mini Tape and Reel"; VariantName = "[No Variations]"
Add component (AddParameter): Name = "PartNumber"; Value = "LTC4056ETS8-4.2#TRMPBF"; VariantName = "[No Variations]"
Add component (AddParameter): Name = "RoHS"; Value = "TRUE"; VariantName = "[No Variations]"
Add component (AddParameter): Name = "Type of Charger"; Value = "Linear"; VariantName = "[No Variations]"
Add component (AddParameter): Name = "Vin Max(V)"; Value = "6.5"; VariantName = "[No Variations]"
Add component (AddParameter): Name = "Vin Min(V)"; Value = "4.5"; VariantName = "[No Variations]"
Added Component: Designator=D2(8-SOIC)
Add component (AddParameter): Name = "Battery Chemistry"; Value = "Li-Ion, Li-Polymer"; VariantName = "[No Variations]"
Add component (AddParameter): Name = "Charge Termination"; Value = "On-board timer"; VariantName = "[No Variations]"
Add component (AddParameter): Name = "Code_JEDEC"; Value = "MO-193"; VariantName = "[No Variations]"
Add component (AddParameter): Name = "ComponentLink1Description"; Value = "Manufacturer URL"; VariantName = "[No Variations]"
Add component (AddParameter): Name = "ComponentLink1URL"; Value = "http://www.linear.com/"; VariantName = "[No Variations]"
Add component (AddParameter): Name = "ComponentLink2Description"; Value = "Datasheet"; VariantName = "[No Variations]"
Add component (AddParameter): Name = "ComponentLink2URL"; Value = "http://cds.linear.com/docs/en/datasheet/405642f.pdf"; VariantName = "[No Variations]"
Add component (AddParameter): Name = "ComponentLink3Description"; Value = "Package Specification"; VariantName = "[No Variations]"
Add component (AddParameter): Name = "ComponentLink3URL"; Value = "http://cds.linear.com/docs/en/packaging/SOT_8_05-08-1637.pdf"; VariantName = "[No Variations]"
Add component (AddParameter): Name = "Float Voltage"; Value = "4.2 V"; VariantName = "[No Variations]"
Add component (AddParameter): Name = "Manufacturer"; Value = "Linear Technology"; VariantName = "[No Variations]"
Add component (AddParameter): Name = "Max Charge Current(A)"; Value = "0.7"; VariantName = "[No Variations]"
Add component (AddParameter): Name = "Mounting Technology"; Value = "Surface Mount"; VariantName = "[No Variations]"
Add component (AddParameter): Name = "Number of Cells"; Value = "1"; VariantName = "[No Variations]"
Add component (AddParameter): Name = "PackageDescription"; Value = "8-Pin Plastic TSOT-23, Body 2.9 x 1.63 mm, Pitch 0.65 mm"; VariantName = "[No Variations]"
Add component (AddParameter): Name = "PackageReference"; Value = "TS8-8"; VariantName = "[No Variations]"
Add component (AddParameter): Name = "PackageVersion"; Value = "Rev. A, 08/2010"; VariantName = "[No Variations]"
Add component (AddParameter): Name = "Packing"; Value = "Mini Tape and Reel"; VariantName = "[No Variations]"
Add component (AddParameter): Name = "PartNumber"; Value = "LTC4056ETS8-4.2#TRMPBF"; VariantName = "[No Variations]"
Add component (AddParameter): Name = "RoHS"; Value = "TRUE"; VariantName = "[No Variations]"
Add component (AddParameter): Name = "Type of Charger"; Value = "Linear"; VariantName = "[No Variations]"
Add component (AddParameter): Name = "Vin Max(V)"; Value = "6.5"; VariantName = "[No Variations]"
Add component (AddParameter): Name = "Vin Min(V)"; Value = "4.5"; VariantName = "[No Variations]"
Added Component: Designator=D3(ESP-12E)
Added Component: Designator=D4(SOT23-5)
Add component (AddParameter): Name = "ComponentType"; Value = "IC comparator"; VariantName = "[No Variations]"
Add component (AddParameter): Name = "HelpURL"; Value = "https://www.digikey.com/product-detail/en/microchip-technology/MCP6541T-I-OT/MCP6541T-I-OTCT-ND/3622387"; VariantName = "[No Variations]"
Add component (AddParameter): Name = "Manufacturer"; Value = "Microchip Technology"; VariantName = "[No Variations]"
Add component (AddParameter): Name = "OutputType"; Value = "Rail-to-Rail"; VariantName = "[No Variations]"
Add component (AddParameter): Name = "Package"; Value = "SOT23-5"; VariantName = "[No Variations]"
Add component (AddParameter): Name = "Supply"; Value = "1.6...5.5V"; VariantName = "[No Variations]"
Add component (AddParameter): Name = "Temperature"; Value = "-40...+85°C"; VariantName = "[No Variations]"
Add component (AddParameter): Name = "ValueManufacturerPartNumber"; Value = "IC comparator, Rail-to-Rail, 1.6...5.5V, -40...+85°C, SOT23-5"; VariantName = "[No Variations]"
Added Component: Designator=R1(RES: 0402)
Add component (AddParameter): Name = "HelpURL"; Value = "https://www.digikey.com/product-detail/en/yageo/RC0201JR-07100RL/311-100NCT-ND/1949006"; VariantName = "[No Variations]"
Add component (AddParameter): Name = "Manufacturer"; Value = "Yageo"; VariantName = "[No Variations]"
Add component (AddParameter): Name = "Package"; Value = "0201"; VariantName = "[No Variations]"
Add component (AddParameter): Name = "PartNumber"; Value = "RC0201JR-07100RL"; VariantName = "[No Variations]"
Add component (AddParameter): Name = "Power"; Value = "0.05W"; VariantName = "[No Variations]"
Add component (AddParameter): Name = "Temperature"; Value = "-55...+125°C"; VariantName = "[No Variations]"
Add component (AddParameter): Name = "Tolerance"; Value = "±5%"; VariantName = "[No Variations]"
Add component (AddParameter): Name = "TypeResistor"; Value = "Resistor film"; VariantName = "[No Variations]"
Add component (AddParameter): Name = "Value"; Value = "5.1k"; VariantName = "[No Variations]"
Add component (AddParameter): Name = "ValueManufacturerPartNumber"; Value = "Resistor film, 5.1k, ±5%, 0201, 0.05W, -55...+125°C"; VariantName = "[No Variations]"
Added Component: Designator=R2(RES: 0402)
Add component (AddParameter): Name = "HelpURL"; Value = "https://www.digikey.com/product-detail/en/yageo/RC0201JR-07100RL/311-100NCT-ND/1949006"; VariantName = "[No Variations]"
Add component (AddParameter): Name = "Manufacturer"; Value = "Yageo"; VariantName = "[No Variations]"
Add component (AddParameter): Name = "Package"; Value = "0201"; VariantName = "[No Variations]"
Add component (AddParameter): Name = "PartNumber"; Value = "RC0201JR-07100RL"; VariantName = "[No Variations]"
Add component (AddParameter): Name = "Power"; Value = "0.05W"; VariantName = "[No Variations]"
Add component (AddParameter): Name = "Temperature"; Value = "-55...+125°C"; VariantName = "[No Variations]"
Add component (AddParameter): Name = "Tolerance"; Value = "±5%"; VariantName = "[No Variations]"
Add component (AddParameter): Name = "TypeResistor"; Value = "Resistor film"; VariantName = "[No Variations]"
Add component (AddParameter): Name = "Value"; Value = "5.1k"; VariantName = "[No Variations]"
Add component (AddParameter): Name = "ValueManufacturerPartNumber"; Value = "Resistor film, 5.1k, ±5%, 0201, 0.05W, -55...+125°C"; VariantName = "[No Variations]"
Added Component: Designator=R3(RES: 0402)
Add component (AddParameter): Name = "HelpURL"; Value = "https://www.digikey.com/product-detail/en/yageo/RC0201JR-07100RL/311-100NCT-ND/1949006"; VariantName = "[No Variations]"
Add component (AddParameter): Name = "Manufacturer"; Value = "Yageo"; VariantName = "[No Variations]"
Add component (AddParameter): Name = "Package"; Value = "0201"; VariantName = "[No Variations]"
Add component (AddParameter): Name = "PartNumber"; Value = "RC0201JR-07100RL"; VariantName = "[No Variations]"
Add component (AddParameter): Name = "Power"; Value = "0.05W"; VariantName = "[No Variations]"
Add component (AddParameter): Name = "Temperature"; Value = "-55...+125°C"; VariantName = "[No Variations]"
Add component (AddParameter): Name = "Tolerance"; Value = "±5%"; VariantName = "[No Variations]"
Add component (AddParameter): Name = "TypeResistor"; Value = "Resistor film"; VariantName = "[No Variations]"
Add component (AddParameter): Name = "Value"; Value = "4.7k"; VariantName = "[No Variations]"
Add component (AddParameter): Name = "ValueManufacturerPartNumber"; Value = "Resistor film, 4.7k, ±5%, 0201, 0.05W, -55...+125°C"; VariantName = "[No Variations]"
Added Component: Designator=R4(RES: 0402)
Add component (AddParameter): Name = "HelpURL"; Value = "https://www.digikey.com/product-detail/en/yageo/RC0201JR-07100RL/311-100NCT-ND/1949006"; VariantName = "[No Variations]"
Add component (AddParameter): Name = "Manufacturer"; Value = "Yageo"; VariantName = "[No Variations]"
Add component (AddParameter): Name = "Package"; Value = "0201"; VariantName = "[No Variations]"
Add component (AddParameter): Name = "PartNumber"; Value = "RC0201JR-07100RL"; VariantName = "[No Variations]"
Add component (AddParameter): Name = "Power"; Value = "0.05W"; VariantName = "[No Variations]"
Add component (AddParameter): Name = "Temperature"; Value = "-55...+125°C"; VariantName = "[No Variations]"
Add component (AddParameter): Name = "Tolerance"; Value = "±5%"; VariantName = "[No Variations]"
Add component (AddParameter): Name = "TypeResistor"; Value = "Resistor film"; VariantName = "[No Variations]"
Add component (AddParameter): Name = "Value"; Value = "1k"; VariantName = "[No Variations]"
Add component (AddParameter): Name = "ValueManufacturerPartNumber"; Value = "Resistor film, 1k, ±5%, 0201, 0.05W, -55...+125°C"; VariantName = "[No Variations]"
Added Component: Designator=R5(RES: 0402)
Add component (AddParameter): Name = "HelpURL"; Value = "https://www.digikey.com/product-detail/en/yageo/RC0201JR-07100RL/311-100NCT-ND/1949006"; VariantName = "[No Variations]"
Add component (AddParameter): Name = "Manufacturer"; Value = "Yageo"; VariantName = "[No Variations]"
Add component (AddParameter): Name = "Package"; Value = "0201"; VariantName = "[No Variations]"
Add component (AddParameter): Name = "PartNumber"; Value = "RC0201JR-07100RL"; VariantName = "[No Variations]"
Add component (AddParameter): Name = "Power"; Value = "0.05W"; VariantName = "[No Variations]"
Add component (AddParameter): Name = "Temperature"; Value = "-55...+125°C"; VariantName = "[No Variations]"
Add component (AddParameter): Name = "Tolerance"; Value = "±5%"; VariantName = "[No Variations]"
Add component (AddParameter): Name = "TypeResistor"; Value = "Resistor film"; VariantName = "[No Variations]"
Add component (AddParameter): Name = "Value"; Value = "1k"; VariantName = "[No Variations]"
Add component (AddParameter): Name = "ValueManufacturerPartNumber"; Value = "Resistor film, 1k, ±5%, 0201, 0.05W, -55...+125°C"; VariantName = "[No Variations]"
Added Component: Designator=R6(RES: 0402)
Add component (AddParameter): Name = "HelpURL"; Value = "https://www.digikey.com/product-detail/en/yageo/RC0201JR-07100RL/311-100NCT-ND/1949006"; VariantName = "[No Variations]"
Add component (AddParameter): Name = "Manufacturer"; Value = "Yageo"; VariantName = "[No Variations]"
Add component (AddParameter): Name = "Package"; Value = "0201"; VariantName = "[No Variations]"
Add component (AddParameter): Name = "PartNumber"; Value = "RC0201JR-07100RL"; VariantName = "[No Variations]"
Add component (AddParameter): Name = "Power"; Value = "0.05W"; VariantName = "[No Variations]"
Add component (AddParameter): Name = "Temperature"; Value = "-55...+125°C"; VariantName = "[No Variations]"
Add component (AddParameter): Name = "Tolerance"; Value = "±5%"; VariantName = "[No Variations]"
Add component (AddParameter): Name = "TypeResistor"; Value = "Resistor film"; VariantName = "[No Variations]"
Add component (AddParameter): Name = "Value"; Value = "1k"; VariantName = "[No Variations]"
Add component (AddParameter): Name = "ValueManufacturerPartNumber"; Value = "Resistor film, 1k, ±5%, 0201, 0.05W, -55...+125°C"; VariantName = "[No Variations]"
Added Component: Designator=R7(RES: 0402)
Add component (AddParameter): Name = "HelpURL"; Value = "https://www.digikey.com/product-detail/en/yageo/RC0201JR-07100RL/311-100NCT-ND/1949006"; VariantName = "[No Variations]"
Add component (AddParameter): Name = "Manufacturer"; Value = "Yageo"; VariantName = "[No Variations]"
Add component (AddParameter): Name = "Package"; Value = "0201"; VariantName = "[No Variations]"
Add component (AddParameter): Name = "PartNumber"; Value = "RC0201JR-07100RL"; VariantName = "[No Variations]"
Add component (AddParameter): Name = "Power"; Value = "0.05W"; VariantName = "[No Variations]"
Add component (AddParameter): Name = "Temperature"; Value = "-55...+125°C"; VariantName = "[No Variations]"
Add component (AddParameter): Name = "Tolerance"; Value = "±5%"; VariantName = "[No Variations]"
Add component (AddParameter): Name = "TypeResistor"; Value = "Resistor film"; VariantName = "[No Variations]"
Add component (AddParameter): Name = "Value"; Value = "1k"; VariantName = "[No Variations]"
Add component (AddParameter): Name = "ValueManufacturerPartNumber"; Value = "Resistor film, 1k, ±5%, 0201, 0.05W, -55...+125°C"; VariantName = "[No Variations]"
Added Component: Designator=R8(RES: 0402)
Add component (AddParameter): Name = "HelpURL"; Value = "https://www.digikey.com/product-detail/en/yageo/RC0201JR-07100RL/311-100NCT-ND/1949006"; VariantName = "[No Variations]"
Add component (AddParameter): Name = "Manufacturer"; Value = "Yageo"; VariantName = "[No Variations]"
Add component (AddParameter): Name = "Package"; Value = "0201"; VariantName = "[No Variations]"
Add component (AddParameter): Name = "PartNumber"; Value = "RC0201JR-07100RL"; VariantName = "[No Variations]"
Add component (AddParameter): Name = "Power"; Value = "0.05W"; VariantName = "[No Variations]"
Add component (AddParameter): Name = "Temperature"; Value = "-55...+125°C"; VariantName = "[No Variations]"
Add component (AddParameter): Name = "Tolerance"; Value = "±5%"; VariantName = "[No Variations]"
Add component (AddParameter): Name = "TypeResistor"; Value = "Resistor film"; VariantName = "[No Variations]"
Add component (AddParameter): Name = "Value"; Value = "100"; VariantName = "[No Variations]"
Add component (AddParameter): Name = "ValueManufacturerPartNumber"; Value = "Resistor film, 100, ±5%, 0201, 0.05W, -55...+125°C"; VariantName = "[No Variations]"
Added Component: Designator=R9(RES: 0402)
Add component (AddParameter): Name = "HelpURL"; Value = "https://www.digikey.com/product-detail/en/yageo/RC0201JR-07100RL/311-100NCT-ND/1949006"; VariantName = "[No Variations]"
Add component (AddParameter): Name = "Manufacturer"; Value = "Yageo"; VariantName = "[No Variations]"
Add component (AddParameter): Name = "Package"; Value = "0201"; VariantName = "[No Variations]"
Add component (AddParameter): Name = "PartNumber"; Value = "RC0201JR-07100RL"; VariantName = "[No Variations]"
Add component (AddParameter): Name = "Power"; Value = "0.05W"; VariantName = "[No Variations]"
Add component (AddParameter): Name = "Temperature"; Value = "-55...+125°C"; VariantName = "[No Variations]"
Add component (AddParameter): Name = "Tolerance"; Value = "±5%"; VariantName = "[No Variations]"
Add component (AddParameter): Name = "TypeResistor"; Value = "Resistor film"; VariantName = "[No Variations]"
Add component (AddParameter): Name = "Value"; Value = "10k"; VariantName = "[No Variations]"
Add component (AddParameter): Name = "ValueManufacturerPartNumber"; Value = "Resistor film, 10k, ±5%, 0201, 0.05W, -55...+125°C"; VariantName = "[No Variations]"
Added Component: Designator=R10(RES: 0402)
Add component (AddParameter): Name = "HelpURL"; Value = "https://www.digikey.com/product-detail/en/yageo/RC0201JR-07100RL/311-100NCT-ND/1949006"; VariantName = "[No Variations]"
Add component (AddParameter): Name = "Manufacturer"; Value = "Yageo"; VariantName = "[No Variations]"
Add component (AddParameter): Name = "Package"; Value = "0201"; VariantName = "[No Variations]"
Add component (AddParameter): Name = "PartNumber"; Value = "RC0201JR-07100RL"; VariantName = "[No Variations]"
Add component (AddParameter): Name = "Power"; Value = "0.05W"; VariantName = "[No Variations]"
Add component (AddParameter): Name = "Temperature"; Value = "-55...+125°C"; VariantName = "[No Variations]"
Add component (AddParameter): Name = "Tolerance"; Value = "±5%"; VariantName = "[No Variations]"
Add component (AddParameter): Name = "TypeResistor"; Value = "Resistor film"; VariantName = "[No Variations]"
Add component (AddParameter): Name = "Value"; Value = "1.2k"; VariantName = "[No Variations]"
Add component (AddParameter): Name = "ValueManufacturerPartNumber"; Value = "Resistor film, 1.2k, ±5%, 0201, 0.05W, -55...+125°C"; VariantName = "[No Variations]"
Added Component: Designator=R11(RES: 0402)
Add component (AddParameter): Name = "HelpURL"; Value = "https://www.digikey.com/product-detail/en/yageo/RC0201JR-07100RL/311-100NCT-ND/1949006"; VariantName = "[No Variations]"
Add component (AddParameter): Name = "Manufacturer"; Value = "Yageo"; VariantName = "[No Variations]"
Add component (AddParameter): Name = "Package"; Value = "0201"; VariantName = "[No Variations]"
Add component (AddParameter): Name = "PartNumber"; Value = "RC0201JR-07100RL"; VariantName = "[No Variations]"
Add component (AddParameter): Name = "Power"; Value = "0.05W"; VariantName = "[No Variations]"
Add component (AddParameter): Name = "Temperature"; Value = "-55...+125°C"; VariantName = "[No Variations]"
Add component (AddParameter): Name = "Tolerance"; Value = "±5%"; VariantName = "[No Variations]"
Add component (AddParameter): Name = "TypeResistor"; Value = "Resistor film"; VariantName = "[No Variations]"
Add component (AddParameter): Name = "Value"; Value = "1k"; VariantName = "[No Variations]"
Add component (AddParameter): Name = "ValueManufacturerPartNumber"; Value = "Resistor film, 1k, ±5%, 0201, 0.05W, -55...+125°C"; VariantName = "[No Variations]"
Added Component: Designator=R12(RES: 0402)
Add component (AddParameter): Name = "HelpURL"; Value = "https://www.digikey.com/product-detail/en/yageo/RC0201JR-07100RL/311-100NCT-ND/1949006"; VariantName = "[No Variations]"
Add component (AddParameter): Name = "Manufacturer"; Value = "Yageo"; VariantName = "[No Variations]"
Add component (AddParameter): Name = "Package"; Value = "0201"; VariantName = "[No Variations]"
Add component (AddParameter): Name = "PartNumber"; Value = "RC0201JR-07100RL"; VariantName = "[No Variations]"
Add component (AddParameter): Name = "Power"; Value = "0.05W"; VariantName = "[No Variations]"
Add component (AddParameter): Name = "Temperature"; Value = "-55...+125°C"; VariantName = "[No Variations]"
Add component (AddParameter): Name = "Tolerance"; Value = "±5%"; VariantName = "[No Variations]"
Add component (AddParameter): Name = "TypeResistor"; Value = "Resistor film"; VariantName = "[No Variations]"
Add component (AddParameter): Name = "Value"; Value = "1M"; VariantName = "[No Variations]"
Add component (AddParameter): Name = "ValueManufacturerPartNumber"; Value = "Resistor film, 1M, ±5%, 0201, 0.05W, -55...+125°C"; VariantName = "[No Variations]"
Added Component: Designator=R13(RES: 0402)
Add component (AddParameter): Name = "HelpURL"; Value = "https://www.digikey.com/product-detail/en/yageo/RC0201JR-07100RL/311-100NCT-ND/1949006"; VariantName = "[No Variations]"
Add component (AddParameter): Name = "Manufacturer"; Value = "Yageo"; VariantName = "[No Variations]"
Add component (AddParameter): Name = "Package"; Value = "0201"; VariantName = "[No Variations]"
Add component (AddParameter): Name = "PartNumber"; Value = "RC0201JR-07100RL"; VariantName = "[No Variations]"
Add component (AddParameter): Name = "Power"; Value = "0.05W"; VariantName = "[No Variations]"
Add component (AddParameter): Name = "Temperature"; Value = "-55...+125°C"; VariantName = "[No Variations]"
Add component (AddParameter): Name = "Tolerance"; Value = "±5%"; VariantName = "[No Variations]"
Add component (AddParameter): Name = "TypeResistor"; Value = "Resistor film"; VariantName = "[No Variations]"
Add component (AddParameter): Name = "Value"; Value = "10k"; VariantName = "[No Variations]"
Add component (AddParameter): Name = "ValueManufacturerPartNumber"; Value = "Resistor film, 10k, ±5%, 0201, 0.05W, -55...+125°C"; VariantName = "[No Variations]"
Added Component: Designator=R14(RES: 0402)
Add component (AddParameter): Name = "HelpURL"; Value = "https://www.digikey.com/product-detail/en/yageo/RC0201JR-07100RL/311-100NCT-ND/1949006"; VariantName = "[No Variations]"
Add component (AddParameter): Name = "Manufacturer"; Value = "Yageo"; VariantName = "[No Variations]"
Add component (AddParameter): Name = "Package"; Value = "0201"; VariantName = "[No Variations]"
Add component (AddParameter): Name = "PartNumber"; Value = "RC0201JR-07100RL"; VariantName = "[No Variations]"
Add component (AddParameter): Name = "Power"; Value = "0.05W"; VariantName = "[No Variations]"
Add component (AddParameter): Name = "Temperature"; Value = "-55...+125°C"; VariantName = "[No Variations]"
Add component (AddParameter): Name = "Tolerance"; Value = "±5%"; VariantName = "[No Variations]"
Add component (AddParameter): Name = "TypeResistor"; Value = "Resistor film"; VariantName = "[No Variations]"
Add component (AddParameter): Name = "Value"; Value = "3k"; VariantName = "[No Variations]"
Add component (AddParameter): Name = "ValueManufacturerPartNumber"; Value = "Resistor film, 3k, ±5%, 0201, 0.05W, -55...+125°C"; VariantName = "[No Variations]"
Added Component: Designator=R15(RES: 0402)
Add component (AddParameter): Name = "HelpURL"; Value = "https://www.digikey.com/product-detail/en/yageo/RC0201JR-07100RL/311-100NCT-ND/1949006"; VariantName = "[No Variations]"
Add component (AddParameter): Name = "Manufacturer"; Value = "Yageo"; VariantName = "[No Variations]"
Add component (AddParameter): Name = "Package"; Value = "0201"; VariantName = "[No Variations]"
Add component (AddParameter): Name = "PartNumber"; Value = "RC0201JR-07100RL"; VariantName = "[No Variations]"
Add component (AddParameter): Name = "Power"; Value = "0.05W"; VariantName = "[No Variations]"
Add component (AddParameter): Name = "Temperature"; Value = "-55...+125°C"; VariantName = "[No Variations]"
Add component (AddParameter): Name = "Tolerance"; Value = "±5%"; VariantName = "[No Variations]"
Add component (AddParameter): Name = "TypeResistor"; Value = "Resistor film"; VariantName = "[No Variations]"
Add component (AddParameter): Name = "Value"; Value = "1.6k"; VariantName = "[No Variations]"
Add component (AddParameter): Name = "ValueManufacturerPartNumber"; Value = "Resistor film, 1.6k, ±5%, 0201, 0.05W, -55...+125°C"; VariantName = "[No Variations]"
Added Component: Designator=R16(RES: 0402)
Add component (AddParameter): Name = "HelpURL"; Value = "https://www.digikey.com/product-detail/en/yageo/RC0201JR-07100RL/311-100NCT-ND/1949006"; VariantName = "[No Variations]"
Add component (AddParameter): Name = "Manufacturer"; Value = "Yageo"; VariantName = "[No Variations]"
Add component (AddParameter): Name = "Package"; Value = "0201"; VariantName = "[No Variations]"
Add component (AddParameter): Name = "PartNumber"; Value = "RC0201JR-07100RL"; VariantName = "[No Variations]"
Add component (AddParameter): Name = "Power"; Value = "0.05W"; VariantName = "[No Variations]"
Add component (AddParameter): Name = "Temperature"; Value = "-55...+125°C"; VariantName = "[No Variations]"
Add component (AddParameter): Name = "Tolerance"; Value = "±5%"; VariantName = "[No Variations]"
Add component (AddParameter): Name = "TypeResistor"; Value = "Resistor film"; VariantName = "[No Variations]"
Add component (AddParameter): Name = "Value"; Value = "10k"; VariantName = "[No Variations]"
Add component (AddParameter): Name = "ValueManufacturerPartNumber"; Value = "Resistor film, 10k, ±5%, 0201, 0.05W, -55...+125°C"; VariantName = "[No Variations]"
Added Component: Designator=R17(RES: 0402)
Add component (AddParameter): Name = "HelpURL"; Value = "https://www.digikey.com/product-detail/en/yageo/RC0201JR-07100RL/311-100NCT-ND/1949006"; VariantName = "[No Variations]"
Add component (AddParameter): Name = "Manufacturer"; Value = "Yageo"; VariantName = "[No Variations]"
Add component (AddParameter): Name = "Package"; Value = "0201"; VariantName = "[No Variations]"
Add component (AddParameter): Name = "PartNumber"; Value = "RC0201JR-07100RL"; VariantName = "[No Variations]"
Add component (AddParameter): Name = "Power"; Value = "0.05W"; VariantName = "[No Variations]"
Add component (AddParameter): Name = "Temperature"; Value = "-55...+125°C"; VariantName = "[No Variations]"
Add component (AddParameter): Name = "Tolerance"; Value = "±5%"; VariantName = "[No Variations]"
Add component (AddParameter): Name = "TypeResistor"; Value = "Resistor film"; VariantName = "[No Variations]"
Add component (AddParameter): Name = "Value"; Value = "10k"; VariantName = "[No Variations]"
Add component (AddParameter): Name = "ValueManufacturerPartNumber"; Value = "Resistor film, 10k, ±5%, 0201, 0.05W, -55...+125°C"; VariantName = "[No Variations]"
Added Component: Designator=SB1(BUT: 6x3.5 SMD)
Add component (AddParameter): Name = "CommentText"; Value = ""Reset""; VariantName = "[No Variations]"
Add component (AddParameter): Name = "HelpURL"; Value = "https://www.digikey.com/product-detail/en/te-connectivity-alcoswitch-switches/FSM2JSMAATR/450-1792-1-ND/3503931"; VariantName = "[No Variations]"
Add component (AddParameter): Name = "Manufacturer"; Value = "TE Connectivity"; VariantName = "[No Variations]"
Add component (AddParameter): Name = "Package"; Value = "6x6mm"; VariantName = "[No Variations]"
Add component (AddParameter): Name = "PartNumber"; Value = "FSM2JSMAATR"; VariantName = "[No Variations]"
Add component (AddParameter): Name = "TypeButton"; Value = "Tactile button"; VariantName = "[No Variations]"
Add component (AddParameter): Name = "ValueManufacturerPartNumber"; Value = "Tactile button, 6x6mm"; VariantName = "[No Variations]"
Added Component: Designator=SB2(BUT: 6x3.5 SMD)
Add component (AddParameter): Name = "CommentText"; Value = ""Flash""; VariantName = "[No Variations]"
Add component (AddParameter): Name = "HelpURL"; Value = "https://www.digikey.com/product-detail/en/te-connectivity-alcoswitch-switches/FSM2JSMAATR/450-1792-1-ND/3503931"; VariantName = "[No Variations]"
Add component (AddParameter): Name = "Manufacturer"; Value = "TE Connectivity"; VariantName = "[No Variations]"
Add component (AddParameter): Name = "Package"; Value = "6x6mm"; VariantName = "[No Variations]"
Add component (AddParameter): Name = "PartNumber"; Value = "FSM2JSMAATR"; VariantName = "[No Variations]"
Add component (AddParameter): Name = "TypeButton"; Value = "Tactile button"; VariantName = "[No Variations]"
Add component (AddParameter): Name = "ValueManufacturerPartNumber"; Value = "Tactile button, 6x6mm"; VariantName = "[No Variations]"
Added Component: Designator=VD1(LED: 0402B)
Add component (AddParameter): Name = "Color"; Value = "GREEN"; VariantName = "[No Variations]"
Add component (AddParameter): Name = "ColorParameter"; Value = "Green"; VariantName = "[No Variations]"
Add component (AddParameter): Name = "Current"; Value = ""; VariantName = "[No Variations]"
Add component (AddParameter): Name = "HelpURL"; Value = ""; VariantName = "[No Variations]"
Add component (AddParameter): Name = "Manufacturer"; Value = ""; VariantName = "[No Variations]"
Add component (AddParameter): Name = "Package"; Value = ""; VariantName = "[No Variations]"
Add component (AddParameter): Name = "PartNumber"; Value = ""; VariantName = "[No Variations]"
Add component (AddParameter): Name = "Temperature"; Value = "-55...+150°C"; VariantName = "[No Variations]"
Add component (AddParameter): Name = "TypeDiode"; Value = "LED"; VariantName = "[No Variations]"
Add component (AddParameter): Name = "ValueManufacturerPartNumber"; Value = "LED, Green, *, *, *, -55...+150°C"; VariantName = "[No Variations]"
Add component (AddParameter): Name = "VoltageDrop"; Value = ""; VariantName = "[No Variations]"
Added Component: Designator=VD2(DIODE: SOD323)
Add component (AddParameter): Name = "Current"; Value = "150mA"; VariantName = "[No Variations]"
Add component (AddParameter): Name = "HelpURL"; Value = "https://www.digikey.com/product-detail/en/micro-commercial-co/1N4148WX-TP/1N4148WXTPMSCT-ND/717312"; VariantName = "[No Variations]"
Add component (AddParameter): Name = "Manufacturer"; Value = "Micro Commercial"; VariantName = "[No Variations]"
Add component (AddParameter): Name = "Package"; Value = "SOD-323"; VariantName = "[No Variations]"
Add component (AddParameter): Name = "PartNumber"; Value = "1N4148WS"; VariantName = "[No Variations]"
Add component (AddParameter): Name = "RecoveryTime"; Value = "4ns"; VariantName = "[No Variations]"
Add component (AddParameter): Name = "Temperature"; Value = "-55...+150°C"; VariantName = "[No Variations]"
Add component (AddParameter): Name = "TypeDiode"; Value = "Single diode"; VariantName = "[No Variations]"
Add component (AddParameter): Name = "ValueManufacturerPartNumber"; Value = "Single diode, 75V, 150mA, 1V, 4ns, SOD-323, -55...+150°C"; VariantName = "[No Variations]"
Add component (AddParameter): Name = "Voltage"; Value = "75V"; VariantName = "[No Variations]"
Add component (AddParameter): Name = "VoltageDrop"; Value = "1V"; VariantName = "[No Variations]"
Added Component: Designator=VT1(8-TSOP)
Add component (AddParameter): Name = "CurrentDS"; Value = "7A"; VariantName = "[No Variations]"
Add component (AddParameter): Name = "GateCharge"; Value = "9.1nC"; VariantName = "[No Variations]"
Add component (AddParameter): Name = "HelpURL"; Value = "https://www.digikey.com/product-detail/en/infineon-technologies/BSC340N08NS3GATMA1/BSC340N08NS3GATMA1TR-ND/2080655"; VariantName = "[No Variations]"
Add component (AddParameter): Name = "InputCapacitor"; Value = "756pF"; VariantName = "[No Variations]"
Add component (AddParameter): Name = "Manufacturer"; Value = "Infineon Technologies"; VariantName = "[No Variations]"
Add component (AddParameter): Name = "MaxPower"; Value = "2.5W"; VariantName = "[No Variations]"
Add component (AddParameter): Name = "Package"; Value = "8-TDSON"; VariantName = "[No Variations]"
Add component (AddParameter): Name = "PartNumber"; Value = "FS8205"; VariantName = "[No Variations]"
Add component (AddParameter): Name = "RDS"; Value = "34mOhm"; VariantName = "[No Variations]"
Add component (AddParameter): Name = "Temperature"; Value = "-55...+150°C"; VariantName = "[No Variations]"
Add component (AddParameter): Name = "TypeTransistor"; Value = "MOSFET N-channel transistor"; VariantName = "[No Variations]"
Add component (AddParameter): Name = "ValueManufacturerPartNumber"; Value = "MOSFET N-channel transistor, 80V, 7A, 9.1nC, 2.5W, 34mOhm, 756pF, 8-TDSON, -55...+150°C"; VariantName = "[No Variations]"
Add component (AddParameter): Name = "VoltageDS"; Value = "80V"; VariantName = "[No Variations]"
Added Component: Designator=X1(CON: TYPE-C-31-M-12)
Add component (AddParameter): Name = "CommentText"; Value = "USB type C"; VariantName = "[No Variations]"
Add component (AddParameter): Name = "CurrentMax"; Value = "3A"; VariantName = "[No Variations]"
Add component (AddParameter): Name = "HelpURL"; Value = "https://lcsc.com/product-detail/USB-Type-C_Korean-Hroparts-Elec-TYPE-C-31-M-12_C165948.html"; VariantName = "[No Variations]"
Add component (AddParameter): Name = "Manufacturer"; Value = "Korean Hroparts"; VariantName = "[No Variations]"
Add component (AddParameter): Name = "PartNumber"; Value = "TYPE-C-31-M-12"; VariantName = "[No Variations]"
Add component (AddParameter): Name = "TypeConnector"; Value = "USB Type C"; VariantName = "[No Variations]"
Add component (AddParameter): Name = "ValueManufacturerPartNumber"; Value = "USB Type C, 3A"; VariantName = "[No Variations]"
Added Component: Designator=X2(CON: PLS-3)
Add component (AddParameter): Name = "CommentText"; Value = ""Ðàçúåì""; VariantName = "[No Variations]"
Add component (AddParameter): Name = "CurrentMax"; Value = "3A"; VariantName = "[No Variations]"
Add component (AddParameter): Name = "HelpURL"; Value = "https://www.chipdip.ru/product/pls-3"; VariantName = "[No Variations]"
Add component (AddParameter): Name = "Manufacturer"; Value = "Connfly"; VariantName = "[No Variations]"
Add component (AddParameter): Name = "Multichannel"; Value = "3pin"; VariantName = "[No Variations]"
Add component (AddParameter): Name = "PartNumber"; Value = "PLS-3"; VariantName = "[No Variations]"
Add component (AddParameter): Name = "Pitch"; Value = "2.54mm"; VariantName = "[No Variations]"
Add component (AddParameter): Name = "TypeConnector"; Value = "Connector"; VariantName = "[No Variations]"
Add component (AddParameter): Name = "ValueManufacturerPartNumber"; Value = "Connector, 3pin, 2.54mm, 500VAC, 3A"; VariantName = "[No Variations]"
Add component (AddParameter): Name = "VoltageMax"; Value = "500VAC"; VariantName = "[No Variations]"
Added Component: Designator=X3(CON: PLS-3)
Add component (AddParameter): Name = "CommentText"; Value = ""Ðàçúåì""; VariantName = "[No Variations]"
Add component (AddParameter): Name = "CurrentMax"; Value = "3A"; VariantName = "[No Variations]"
Add component (AddParameter): Name = "HelpURL"; Value = "https://www.chipdip.ru/product/pls-3"; VariantName = "[No Variations]"
Add component (AddParameter): Name = "Manufacturer"; Value = "Connfly"; VariantName = "[No Variations]"
Add component (AddParameter): Name = "Multichannel"; Value = "3pin"; VariantName = "[No Variations]"
Add component (AddParameter): Name = "PartNumber"; Value = "PLS-3"; VariantName = "[No Variations]"
Add component (AddParameter): Name = "Pitch"; Value = "2.54mm"; VariantName = "[No Variations]"
Add component (AddParameter): Name = "TypeConnector"; Value = "Connector"; VariantName = "[No Variations]"
Add component (AddParameter): Name = "ValueManufacturerPartNumber"; Value = "Connector, 3pin, 2.54mm, 500VAC, 3A"; VariantName = "[No Variations]"
Add component (AddParameter): Name = "VoltageMax"; Value = "500VAC"; VariantName = "[No Variations]"
Added Component: Designator=X4(CON: PLS-3)
Add component (AddParameter): Name = "CommentText"; Value = ""Ðàçúåì""; VariantName = "[No Variations]"
Add component (AddParameter): Name = "CurrentMax"; Value = "3A"; VariantName = "[No Variations]"
Add component (AddParameter): Name = "HelpURL"; Value = "https://www.chipdip.ru/product/pls-3"; VariantName = "[No Variations]"
Add component (AddParameter): Name = "Manufacturer"; Value = "Connfly"; VariantName = "[No Variations]"
Add component (AddParameter): Name = "Multichannel"; Value = "3pin"; VariantName = "[No Variations]"
Add component (AddParameter): Name = "PartNumber"; Value = "PLS-3"; VariantName = "[No Variations]"
Add component (AddParameter): Name = "Pitch"; Value = "2.54mm"; VariantName = "[No Variations]"
Add component (AddParameter): Name = "TypeConnector"; Value = "Connector"; VariantName = "[No Variations]"
Add component (AddParameter): Name = "ValueManufacturerPartNumber"; Value = "Connector, 3pin, 2.54mm, 500VAC, 3A"; VariantName = "[No Variations]"
Add component (AddParameter): Name = "VoltageMax"; Value = "500VAC"; VariantName = "[No Variations]"
Added Component: Designator=X5(CON: DG350-3.5-02P)
Add component (AddParameter): Name = "CommentText"; Value = ""Ðàçúåì""; VariantName = "[No Variations]"
Add component (AddParameter): Name = "CurrentMax"; Value = "10A"; VariantName = "[No Variations]"
Add component (AddParameter): Name = "HelpURL"; Value = "https://www.chipdip.ru/product/dg350-3.5-02p-12"; VariantName = "[No Variations]"
Add component (AddParameter): Name = "Manufacturer"; Value = "Degson"; VariantName = "[No Variations]"
Add component (AddParameter): Name = "Multichannel"; Value = "2pin"; VariantName = "[No Variations]"
Add component (AddParameter): Name = "PartNumber"; Value = "DG350-3.5-02P-14"; VariantName = "[No Variations]"
Add component (AddParameter): Name = "Pitch"; Value = "3.5mm"; VariantName = "[No Variations]"
Add component (AddParameter): Name = "TypeConnector"; Value = "Terminal connector"; VariantName = "[No Variations]"
Add component (AddParameter): Name = "ValueManufacturerPartNumber"; Value = "Terminal connector, 2pin, 3.5mm, 300VAC, 10A"; VariantName = "[No Variations]"
Add component (AddParameter): Name = "VoltageMax"; Value = "300VAC"; VariantName = "[No Variations]"
Added Pin To Net: NetName=GND Pin=B1-2
Added Pin To Net: NetName=GND Pin=B1-2
Added Pin To Net: NetName=GND Pin=B1-2
Added Pin To Net: NetName=FLASH Pin=C1-1
Added Pin To Net: NetName=GND Pin=C1-2
Added Pin To Net: NetName=+5V_USB Pin=C2-1
Added Pin To Net: NetName=GND Pin=C2-2
Added Pin To Net: NetName=GND Pin=C3-2
Added Pin To Net: NetName=GND Pin=C4-2
Added Pin To Net: NetName=GND Pin=C5-2
Added Pin To Net: NetName=GND Pin=C6-2
Added Pin To Net: NetName=+3.3V Pin=C7-1
Added Pin To Net: NetName=GND Pin=C7-2
Added Pin To Net: NetName=+3.3V Pin=C8-1
Added Pin To Net: NetName=GND Pin=C8-2
Added Pin To Net: NetName=GND Pin=D1-6
Added Pin To Net: NetName=GND Pin=D2-1
Added Pin To Net: NetName=GND Pin=D2-3
Added Pin To Net: NetName=+5V_USB Pin=D2-4
Added Pin To Net: NetName=+5V_USB Pin=D2-8
Added Pin To Net: NetName=RESET Pin=D3-1
Added Pin To Net: NetName=ADC Pin=D3-2
Added Pin To Net: NetName=EN Pin=D3-3
Added Pin To Net: NetName=+3.3V Pin=D3-8
Added Pin To Net: NetName=GND Pin=D3-15
Added Pin To Net: NetName=FLASH Pin=D3-18
Added Pin To Net: NetName=RX Pin=D3-21
Added Pin To Net: NetName=TX Pin=D3-22
Added Pin To Net: NetName=GND Pin=D4-2
Added Pin To Net: NetName=+3.3V Pin=D4-5
Added Pin To Net: NetName=GND Pin=R1-1
Added Pin To Net: NetName=GND Pin=R2-1
Added Pin To Net: NetName=1WIRE Pin=R3-1
Added Pin To Net: NetName=+3.3V Pin=R3-2
Added Pin To Net: NetName=FLASH Pin=R4-1
Added Pin To Net: NetName=+3.3V Pin=R4-2
Added Pin To Net: NetName=GND Pin=R5-2
Added Pin To Net: NetName=RESET Pin=R7-1
Added Pin To Net: NetName=+3.3V Pin=R7-2
Added Pin To Net: NetName=GND Pin=R10-2
Added Pin To Net: NetName=EN Pin=R11-1
Added Pin To Net: NetName=+3.3V Pin=R11-2
Added Pin To Net: NetName=GND Pin=R12-1
Added Pin To Net: NetName=GND Pin=R13-1
Added Pin To Net: NetName=+3.3V Pin=R14-2
Added Pin To Net: NetName=GND Pin=SB1-1
Added Pin To Net: NetName=FLASH Pin=SB1-2
Added Pin To Net: NetName=GND Pin=SB2-1
Added Pin To Net: NetName=RESET Pin=SB2-2
Added Pin To Net: NetName=+5V_USB Pin=VD1-1
Added Pin To Net: NetName=GND Pin=VT1-2
Added Pin To Net: NetName=GND Pin=VT1-3
Added Pin To Net: NetName=GND Pin=VT1-6
Added Pin To Net: NetName=GND Pin=VT1-7
Added Pin To Net: NetName=GND Pin=X1-A1
Added Pin To Net: NetName=+5V_USB Pin=X1-A4
Added Pin To Net: NetName=GND Pin=X1-B1
Added Pin To Net: NetName=+5V_USB Pin=X1-B4
Added Pin To Net: NetName=+3.3V Pin=X2-1
Added Pin To Net: NetName=1WIRE Pin=X2-2
Added Pin To Net: NetName=GND Pin=X2-3
Added Pin To Net: NetName=+3.3V Pin=X3-1
Added Pin To Net: NetName=1WIRE Pin=X3-2
Added Pin To Net: NetName=GND Pin=X3-3
Added Pin To Net: NetName=+3.3V Pin=X4-1
Added Pin To Net: NetName=1WIRE Pin=X4-2
Added Pin To Net: NetName=GND Pin=X4-3
Added Pin To Net: NetName=+5V_USB Pin=X5-1
Added Pin To Net: NetName=GND Pin=X5-2
Added Pin To Net: NetName=NetB1_1 Pin=B1-1
Added Pin To Net: NetName=NetB1_1 Pin=C4-1
Added Pin To Net: NetName=NetB1_1 Pin=D2-5
Added Pin To Net: NetName=NetB1_1 Pin=R8-2
Added Net: Name=NetB1_1
Added Pin To Net: NetName=NetC3_1 Pin=C3-1
Added Pin To Net: NetName=NetC3_1 Pin=D1-5
Added Pin To Net: NetName=NetC3_1 Pin=R8-1
Added Net: Name=NetC3_1
Added Pin To Net: NetName=NetC5_1 Pin=C5-1
Added Pin To Net: NetName=NetC5_1 Pin=R9-2
Added Pin To Net: NetName=NetC5_1 Pin=VD2-1
Added Net: Name=NetC5_1
Added Pin To Net: NetName=NetC6_1 Pin=C6-1
Added Pin To Net: NetName=NetC6_1 Pin=D4-1
Added Pin To Net: NetName=NetC6_1 Pin=R12-2
Added Pin To Net: NetName=NetC6_1 Pin=VD2-2
Added Net: Name=NetC6_1
Added Pin To Net: NetName=NetD1_1 Pin=D1-1
Added Pin To Net: NetName=NetD1_1 Pin=VT1-5
Added Net: Name=NetD1_1
Added Pin To Net: NetName=NetD1_2 Pin=D1-2
Added Pin To Net: NetName=NetD1_2 Pin=R5-1
Added Net: Name=NetD1_2
Added Pin To Net: NetName=NetD1_3 Pin=D1-3
Added Pin To Net: NetName=NetD1_3 Pin=VT1-4
Added Net: Name=NetD1_3
Added Pin To Net: NetName=NetD2_2 Pin=D2-2
Added Pin To Net: NetName=NetD2_2 Pin=R10-1
Added Net: Name=NetD2_2
Added Pin To Net: NetName=NetD2_7 Pin=D2-7
Added Pin To Net: NetName=NetD2_7 Pin=R6-2
Added Net: Name=NetD2_7
Added Pin To Net: NetName=NetD4_3 Pin=D4-3
Added Pin To Net: NetName=NetD4_3 Pin=R15-1
Added Pin To Net: NetName=NetD4_3 Pin=R16-1
Added Pin To Net: NetName=NetD4_3 Pin=R17-1
Added Net: Name=NetD4_3
Added Pin To Net: NetName=NetD4_4 Pin=D4-4
Added Pin To Net: NetName=NetD4_4 Pin=R16-2
Added Pin To Net: NetName=NetD4_4 Pin=R17-2
Added Net: Name=NetD4_4
Added Pin To Net: NetName=NetR1_2 Pin=R1-2
Added Pin To Net: NetName=NetR1_2 Pin=X1-A5
Added Net: Name=NetR1_2
Added Pin To Net: NetName=NetR2_2 Pin=R2-2
Added Pin To Net: NetName=NetR2_2 Pin=X1-B5
Added Net: Name=NetR2_2
Added Pin To Net: NetName=NetR6_1 Pin=R6-1
Added Pin To Net: NetName=NetR6_1 Pin=VD1-2
Added Net: Name=NetR6_1
Added Pin To Net: NetName=NetR13_2 Pin=R13-2
Added Pin To Net: NetName=NetR13_2 Pin=R14-1
Added Pin To Net: NetName=NetR13_2 Pin=R15-2
Added Net: Name=NetR13_2
Added Pin To Net: NetName=NetVT1_1 Pin=VT1-1
Added Pin To Net: NetName=NetVT1_1 Pin=VT1-8
Added Net: Name=NetVT1_1
Added Member To Class: ClassName=Hygrometer Member=Component B1 Single holder 18650, 4.2V
Added Member To Class: ClassName=Hygrometer Member=Component C1 Ceramic capacitor, 100pF, X7R, ±10%, 16V, 0201, -55...+125°C
Added Member To Class: ClassName=Hygrometer Member=Component C2 Ceramic capacitor, 100nF, X7R, ±10%, 16V, 0201, -55...+125°C
Added Member To Class: ClassName=Hygrometer Member=Component C3 Ceramic capacitor, 100nF, X7R, ±10%, 16V, 0201, -55...+125°C
Added Member To Class: ClassName=Hygrometer Member=Component C4 Ceramic capacitor, 10uF, X7R, ±10%, 16V, 0201, -55...+125°C
Added Member To Class: ClassName=Hygrometer Member=Component C5 Ceramic capacitor, 100pF, X7R, ±10%, 16V, 0201, -55...+125°C
Added Member To Class: ClassName=Hygrometer Member=Component C6 Ceramic capacitor, 1nF, X7R, ±10%, 16V, 0201, -55...+125°C
Added Member To Class: ClassName=Hygrometer Member=Component C7 Ceramic capacitor, 100nF, X7R, ±10%, 16V, 0201, -55...+125°C
Added Member To Class: ClassName=Hygrometer Member=Component C8 Tantalum capacitor, 100?F, 6.3V, ±10%, 2Ohm, case A (3216), -55...+125°C
Added Member To Class: ClassName=Hygrometer Member=Component D1 DW-01A
Added Member To Class: ClassName=Hygrometer Member=Component D2 TC4056
Added Member To Class: ClassName=Hygrometer Member=Component D3 ESP-12E
Added Member To Class: ClassName=Hygrometer Member=Component D4 LMV321ILT
Added Member To Class: ClassName=Hygrometer Member=Component R1 Resistor film, 5.1k, ±5%, 0201, 0.05W, -55...+125°C
Added Member To Class: ClassName=Hygrometer Member=Component R2 Resistor film, 5.1k, ±5%, 0201, 0.05W, -55...+125°C
Added Member To Class: ClassName=Hygrometer Member=Component R3 Resistor film, 4.7k, ±5%, 0201, 0.05W, -55...+125°C
Added Member To Class: ClassName=Hygrometer Member=Component R4 Resistor film, 1k, ±5%, 0201, 0.05W, -55...+125°C
Added Member To Class: ClassName=Hygrometer Member=Component R5 Resistor film, 1k, ±5%, 0201, 0.05W, -55...+125°C
Added Member To Class: ClassName=Hygrometer Member=Component R6 Resistor film, 1k, ±5%, 0201, 0.05W, -55...+125°C
Added Member To Class: ClassName=Hygrometer Member=Component R7 Resistor film, 1k, ±5%, 0201, 0.05W, -55...+125°C
Added Member To Class: ClassName=Hygrometer Member=Component R8 Resistor film, 100, ±5%, 0201, 0.05W, -55...+125°C
Added Member To Class: ClassName=Hygrometer Member=Component R9 Resistor film, 10k, ±5%, 0201, 0.05W, -55...+125°C
Added Member To Class: ClassName=Hygrometer Member=Component R10 Resistor film, 1.2k, ±5%, 0201, 0.05W, -55...+125°C
Added Member To Class: ClassName=Hygrometer Member=Component R11 Resistor film, 1k, ±5%, 0201, 0.05W, -55...+125°C
Added Member To Class: ClassName=Hygrometer Member=Component R12 Resistor film, 1M, ±5%, 0201, 0.05W, -55...+125°C
Added Member To Class: ClassName=Hygrometer Member=Component R13 Resistor film, 10k, ±5%, 0201, 0.05W, -55...+125°C
Added Member To Class: ClassName=Hygrometer Member=Component R14 Resistor film, 3k, ±5%, 0201, 0.05W, -55...+125°C
Added Member To Class: ClassName=Hygrometer Member=Component R15 Resistor film, 1.6k, ±5%, 0201, 0.05W, -55...+125°C
Added Member To Class: ClassName=Hygrometer Member=Component R16 Resistor film, 10k, ±5%, 0201, 0.05W, -55...+125°C
Added Member To Class: ClassName=Hygrometer Member=Component R17 Resistor film, 10k, ±5%, 0201, 0.05W, -55...+125°C
Added Member To Class: ClassName=Hygrometer Member=Component SB1 Tactile button, 6x6mm
Added Member To Class: ClassName=Hygrometer Member=Component SB2 Tactile button, 6x6mm
Added Member To Class: ClassName=Hygrometer Member=Component VD1 LED, Green, *, *, *, -55...+150°C
Added Member To Class: ClassName=Hygrometer Member=Component VD2 Single diode, 75V, 150mA, 1V, 4ns, SOD-323, -55...+150°C
Added Member To Class: ClassName=Hygrometer Member=Component VT1 MOSFET N-channel transistor, 80V, 7A, 9.1nC, 2.5W, 34mOhm, 756pF, 8-TDSON, -55...+150°C
Added Member To Class: ClassName=Hygrometer Member=Component X1 USB Type C, 3A
Added Member To Class: ClassName=Hygrometer Member=Component X2 DS18B20
Added Member To Class: ClassName=Hygrometer Member=Component X3 DS18B20
Added Member To Class: ClassName=Hygrometer Member=Component X4 DS18B20
Added Member To Class: ClassName=Hygrometer Member=Component X5 Terminal connector, 2pin, 3.5mm, 300VAC, 10A
