Change Component Footprint: Designator=C? Old Footprint=CAP: 0603 New Footprint=CAP: 0402
Change Component Footprint: Designator=C? Old Footprint=CAP: 0603 New Footprint=CAP: 0402
Change Component Footprint: Designator=C? Old Footprint=CAP: 0603 New Footprint=CAP: 0402
Change Component Footprint: Designator=R? Old Footprint=RES: 0603 New Footprint=RES: 0402
Change Component Footprint: Designator=R? Old Footprint=RES: 0603 New Footprint=RES: 0402
Change Component Footprint: Designator=R? Old Footprint=RES: 0603 New Footprint=RES: 0402
Change Component Footprint: Designator=R? Old Footprint=RES: 0603 New Footprint=RES: 0402
Change Component Footprint: Designator=R? Old Footprint=RES: 0603 New Footprint=RES: 0402
Change Component Footprint: Designator=R? Old Footprint=RES: 0603 New Footprint=RES: 0402
Change Component Footprint: Designator=R? Old Footprint=RES: 0603 New Footprint=RES: 0402
Change Component Footprint: Designator=R? Old Footprint=RES: 0603 New Footprint=RES: 0402
Change Component Footprint: Designator=R? Old Footprint=RES: 0603 New Footprint=RES: 0402
Change Component Footprint: Designator=R? Old Footprint=RES: 0603 New Footprint=RES: 0402
Add Net: Net with name "NetC?_1" already exists
Added Member To Class: ClassName=Hygrometer Member=Component C? Ceramic capacitor, 1nF, X7R, ±10%, 16V, 0201, -55...+125°C
Added Member To Class: ClassName=Hygrometer Member=Component C? Tantalum capacitor, 100?F, 6.3V, ±10%, 2Ohm, case A (3216), -55...+125°C
Added Member To Class: ClassName=Hygrometer Member=Component C? Ceramic capacitor, 100pF, X7R, ±10%, 16V, 0201, -55...+125°C
Added Member To Class: ClassName=Hygrometer Member=Component C? Ceramic capacitor, 100nF, X7R, ±10%, 16V, 0201, -55...+125°C
Added Member To Class: ClassName=Hygrometer Member=Component C? Ceramic capacitor, 100pF, X7R, ±10%, 16V, 0201, -55...+125°C
Added Member To Class: ClassName=Hygrometer Member=Component D? LMV321ILT
Added Member To Class: ClassName=Hygrometer Member=Component R? Resistor film, 10k, ±5%, 0201, 0.05W, -55...+125°C
Added Member To Class: ClassName=Hygrometer Member=Component R? Resistor film, 10k, ±5%, 0201, 0.05W, -55...+125°C
Added Member To Class: ClassName=Hygrometer Member=Component R? Resistor film, 1k, ±5%, 0201, 0.05W, -55...+125°C
Added Member To Class: ClassName=Hygrometer Member=Component R? Resistor film, 10k, ±5%, 0201, 0.05W, -55...+125°C
Added Member To Class: ClassName=Hygrometer Member=Component R? Resistor film, 1M, ±5%, 0201, 0.05W, -55...+125°C
Added Member To Class: ClassName=Hygrometer Member=Component R? Resistor film, 1.6k, ±5%, 0201, 0.05W, -55...+125°C
Added Member To Class: ClassName=Hygrometer Member=Component R? Resistor film, 10k, ±5%, 0201, 0.05W, -55...+125°C
Added Member To Class: ClassName=Hygrometer Member=Component R? Resistor film, 1k, ±5%, 0201, 0.05W, -55...+125°C
Added Member To Class: ClassName=Hygrometer Member=Component R? Resistor film, 3k, ±5%, 0201, 0.05W, -55...+125°C
Added Member To Class: ClassName=Hygrometer Member=Component SB? Tactile button, 6x6mm
