Removed Pin From Net: NetName=+3.3V Pin=C?-1
Removed Pin From Net: NetName=GND Pin=C?-2
Added Pin To Net: NetName=+3.3V Pin=C?-1
Added Pin To Net: NetName=GND Pin=C?-2
Add Net: Net with name "NetC?_1" already exists
Added Member To Class: ClassName=Hygrometer Member=Component C? Ceramic capacitor, 100pF, X7R, ±10%, 16V, 0201, -55...+125°C
Added Member To Class: ClassName=Hygrometer Member=Component C? Ceramic capacitor, 100pF, X7R, ±10%, 16V, 0201, -55...+125°C
Added Member To Class: ClassName=Hygrometer Member=Component C? Ceramic capacitor, 100nF, X7R, ±10%, 16V, 0201, -55...+125°C
Added Member To Class: ClassName=Hygrometer Member=Component C? Ceramic capacitor, 1nF, X7R, ±10%, 16V, 0201, -55...+125°C
Added Member To Class: ClassName=Hygrometer Member=Component D? LMV321ILT
Added Member To Class: ClassName=Hygrometer Member=Component R? Resistor film, 10k, ±5%, 0201, 0.05W, -55...+125°C
Added Member To Class: ClassName=Hygrometer Member=Component R? Resistor film, 1M, ±5%, 0201, 0.05W, -55...+125°C
Added Member To Class: ClassName=Hygrometer Member=Component R? Resistor film, 10k, ±5%, 0201, 0.05W, -55...+125°C
Added Member To Class: ClassName=Hygrometer Member=Component R? Resistor film, 3k, ±5%, 0201, 0.05W, -55...+125°C
Added Member To Class: ClassName=Hygrometer Member=Component R? Resistor film, 1k, ±5%, 0201, 0.05W, -55...+125°C
Added Member To Class: ClassName=Hygrometer Member=Component R? Resistor film, 1k, ±5%, 0201, 0.05W, -55...+125°C
Added Member To Class: ClassName=Hygrometer Member=Component R? Resistor film, 1.6k, ±5%, 0201, 0.05W, -55...+125°C
Added Member To Class: ClassName=Hygrometer Member=Component R? Resistor film, 10k, ±5%, 0201, 0.05W, -55...+125°C
Added Member To Class: ClassName=Hygrometer Member=Component R? Resistor film, 10k, ±5%, 0201, 0.05W, -55...+125°C
Added Member To Class: ClassName=Hygrometer Member=Component SB? Tactile button, 6x6mm
