Added Component: Designator=C?(CAP: TANTAL-C)
Add component (AddParameter): Name = "HelpURL"; Value = "https://www.digikey.com/product-detail/en/avx-corporation/F930J107KAAAJ6/478-12404-1-ND/9645231"; VariantName = "[No Variations]"
Add component (AddParameter): Name = "Impedance"; Value = "2Ohm"; VariantName = "[No Variations]"
Add component (AddParameter): Name = "Manufacturer"; Value = "AVX"; VariantName = "[No Variations]"
Add component (AddParameter): Name = "Package"; Value = "case A (3216)"; VariantName = "[No Variations]"
Add component (AddParameter): Name = "PartNumber"; Value = "F930J107KAAAJ6"; VariantName = "[No Variations]"
Add component (AddParameter): Name = "Temperature"; Value = "-55...+125°C"; VariantName = "[No Variations]"
Add component (AddParameter): Name = "Tolerance"; Value = "±10%"; VariantName = "[No Variations]"
Add component (AddParameter): Name = "TypeCapacitor"; Value = "Tantalum capacitor"; VariantName = "[No Variations]"
Add component (AddParameter): Name = "TypeDielectric"; Value = "X7R"; VariantName = "[No Variations]"
Add component (AddParameter): Name = "Value"; Value = "100?F"; VariantName = "[No Variations]"
Add component (AddParameter): Name = "ValueManufacturerPartNumber"; Value = "Tantalum capacitor, 100?F, 6.3V, ±10%, 2Ohm, case A (3216), -55...+125°C"; VariantName = "[No Variations]"
Add component (AddParameter): Name = "Voltage"; Value = "6.3V"; VariantName = "[No Variations]"
Added Component: Designator=C?(CAP: TANTAL-D)
Add component (AddParameter): Name = "HelpURL"; Value = "https://www.digikey.com/product-detail/en/avx-corporation/F930J107KAAAJ6/478-12404-1-ND/9645231"; VariantName = "[No Variations]"
Add component (AddParameter): Name = "Impedance"; Value = "2Ohm"; VariantName = "[No Variations]"
Add component (AddParameter): Name = "Manufacturer"; Value = "AVX"; VariantName = "[No Variations]"
Add component (AddParameter): Name = "Package"; Value = "case A (3216)"; VariantName = "[No Variations]"
Add component (AddParameter): Name = "PartNumber"; Value = "F930J107KAAAJ6"; VariantName = "[No Variations]"
Add component (AddParameter): Name = "Temperature"; Value = "-55...+125°C"; VariantName = "[No Variations]"
Add component (AddParameter): Name = "Tolerance"; Value = "±10%"; VariantName = "[No Variations]"
Add component (AddParameter): Name = "TypeCapacitor"; Value = "Tantalum capacitor"; VariantName = "[No Variations]"
Add component (AddParameter): Name = "TypeDielectric"; Value = "X7R"; VariantName = "[No Variations]"
Add component (AddParameter): Name = "Value"; Value = "100?F"; VariantName = "[No Variations]"
Add component (AddParameter): Name = "ValueManufacturerPartNumber"; Value = "Tantalum capacitor, 100?F, 6.3V, ±10%, 2Ohm, case A (3216), -55...+125°C"; VariantName = "[No Variations]"
Add component (AddParameter): Name = "Voltage"; Value = "6.3V"; VariantName = "[No Variations]"
Add Net: Net with name "NetC?_1" already exists
Added Member To Class: ClassName=Hygrometer Member=Component C? Ceramic capacitor, 1nF, X7R, ±10%, 16V, 0201, -55...+125°C
Added Member To Class: ClassName=Hygrometer Member=Component C? Ceramic capacitor, 100pF, X7R, ±10%, 16V, 0201, -55...+125°C
Added Member To Class: ClassName=Hygrometer Member=Component C? Tantalum capacitor, 100?F, 6.3V, ±10%, 2Ohm, case A (3216), -55...+125°C
Added Member To Class: ClassName=Hygrometer Member=Component C? Ceramic capacitor, 100pF, X7R, ±10%, 16V, 0201, -55...+125°C
Added Member To Class: ClassName=Hygrometer Member=Component C? Tantalum capacitor, 100?F, 6.3V, ±10%, 2Ohm, case A (3216), -55...+125°C
Added Member To Class: ClassName=Hygrometer Member=Component C? Aluminium capacitor, 100?F, 25V, ±20%, 54mOhm, 14x10x5 mm, -55...+105°C
Added Member To Class: ClassName=Hygrometer Member=Component D? LMV321ILT
Added Member To Class: ClassName=Hygrometer Member=Component R? Resistor film, 10k, ±5%, 0201, 0.05W, -55...+125°C
Added Member To Class: ClassName=Hygrometer Member=Component R? Resistor film, 1M, ±5%, 0201, 0.05W, -55...+125°C
Added Member To Class: ClassName=Hygrometer Member=Component R? Resistor film, 10k, ±5%, 0201, 0.05W, -55...+125°C
Added Member To Class: ClassName=Hygrometer Member=Component R? Resistor film, 10k, ±5%, 0201, 0.05W, -55...+125°C
Added Member To Class: ClassName=Hygrometer Member=Component R? Resistor film, 1k, ±5%, 0201, 0.05W, -55...+125°C
Added Member To Class: ClassName=Hygrometer Member=Component R? Resistor film, 10k, ±5%, 0201, 0.05W, -55...+125°C
Added Member To Class: ClassName=Hygrometer Member=Component R? Resistor film, 1k, ±5%, 0201, 0.05W, -55...+125°C
Added Member To Class: ClassName=Hygrometer Member=Component R? Resistor film, 1.6k, ±5%, 0201, 0.05W, -55...+125°C
Added Member To Class: ClassName=Hygrometer Member=Component R? Resistor film, 3k, ±5%, 0201, 0.05W, -55...+125°C
Added Member To Class: ClassName=Hygrometer Member=Component SB? Tactile button, 6x6mm
